-------------------------------------------------------------------------------
Test set: org.example.testRunner.Runner
-------------------------------------------------------------------------------
Tests run: 1, Failures: 1, Errors: 0, Skipped: 0, Time elapsed: 200.028 s <<< FAILURE! - in org.example.testRunner.Runner
runScenario(org.example.testRunner.Runner)  Time elapsed: 149.541 s  <<< FAILURE!
java.lang.AssertionError: expected [true] but found [false]

